# JRE version: OpenJDK Runtime Environment (11.0.10) (build 11.0.10+0-b96-7249189)
# Java VM: OpenJDK 64-Bit Server VM (11.0.10+0-b96-7249189, mixed mode, tiered, compressed oops, g1 gc, windows-amd64)
Heap:
 garbage-first heap   total 258048K, used 24261K [0x0000000080000000, 0x0000000100000000)
  region size 1024K, 10 young (10240K), 2 survivors (2048K)
 Metaspace       used 25688K, capacity 26310K, committed 26624K, reserved 1073152K
  class space    used 3265K, capacity 3500K, committed 3584K, reserved 1048576K
GC Heap History (6 events):
Event: 0.481 GC heap before
{Heap before GC invocations=0 (full 0):
 garbage-first heap   total 258048K, used 29696K [0x0000000080000000, 0x0000000100000000)
  region size 1024K, 24 young (24576K), 0 survivors (0K)
 Metaspace       used 10591K, capacity 10869K, committed 11008K, reserved 1058816K
  class space    used 1109K, capacity 1195K, committed 1280K, reserved 1048576K
}
Event: 0.484 GC heap after
{Heap after GC invocations=1 (full 0):
 garbage-first heap   total 258048K, used 9018K [0x0000000080000000, 0x0000000100000000)
  region size 1024K, 3 young (3072K), 3 survivors (3072K)
 Metaspace       used 10591K, capacity 10869K, committed 11008K, reserved 1058816K
  class space    used 1109K, capacity 1195K, committed 1280K, reserved 1048576K
}
Event: 1.667 GC heap before
{Heap before GC invocations=1 (full 0):
 garbage-first heap   total 258048K, used 88890K [0x0000000080000000, 0x0000000100000000)
  region size 1024K, 83 young (84992K), 3 survivors (3072K)
 Metaspace       used 20530K, capacity 21039K, committed 21248K, reserved 1069056K
  class space    used 2419K, capacity 2545K, committed 2560K, reserved 1048576K
}
Event: 1.672 GC heap after
{Heap after GC invocations=2 (full 0):
 garbage-first heap   total 258048K, used 15757K [0x0000000080000000, 0x0000000100000000)
  region size 1024K, 10 young (10240K), 10 survivors (10240K)
 Metaspace       used 20530K, capacity 21039K, committed 21248K, reserved 1069056K
  class space    used 2419K, capacity 2545K, committed 2560K, reserved 1048576K
}
Event: 1.895 GC heap before
{Heap before GC invocations=3 (full 0):
 garbage-first heap   total 258048K, used 51597K [0x0000000080000000, 0x0000000100000000)
  region size 1024K, 45 young (46080K), 10 survivors (10240K)
 Metaspace       used 24851K, capacity 25498K, committed 25728K, reserved 1071104K
  class space    used 3134K, capacity 3336K, committed 3456K, reserved 1048576K
}
Event: 1.899 GC heap after
{Heap after GC invocations=4 (full 0):
 garbage-first heap   total 258048K, used 17093K [0x0000000080000000, 0x0000000100000000)
  region size 1024K, 2 young (2048K), 2 survivors (2048K)
 Metaspace       used 24851K, capacity 25498K, committed 25728K, reserved 1071104K
  class space    used 3134K, capacity 3336K, committed 3456K, reserved 1048576K
}

