# JRE version: OpenJDK Runtime Environment (11.0.10) (build 11.0.10+0-b96-7249189)
# Java VM: OpenJDK 64-Bit Server VM (11.0.10+0-b96-7249189, mixed mode, tiered, compressed oops, g1 gc, windows-amd64)
Heap:
 garbage-first heap   total 531456K, used 279737K [0x0000000080000000, 0x0000000100000000)
  region size 1024K, 1 young (1024K), 1 survivors (1024K)
 Metaspace       used 138679K, capacity 142517K, committed 144424K, reserved 1175552K
  class space    used 16687K, capacity 17961K, committed 18764K, reserved 1048576K
GC Heap History (20 events):
Event: 415.403 GC heap after
{Heap after GC invocations=51 (full 0):
 garbage-first heap   total 258048K, used 192449K [0x0000000080000000, 0x0000000100000000)
  region size 1024K, 5 young (5120K), 5 survivors (5120K)
 Metaspace       used 138196K, capacity 142011K, committed 144168K, reserved 1175552K
  class space    used 16654K, capacity 17934K, committed 18764K, reserved 1048576K
}
Event: 415.448 GC heap before
{Heap before GC invocations=51 (full 0):
 garbage-first heap   total 258048K, used 210881K [0x0000000080000000, 0x0000000100000000)
  region size 1024K, 24 young (24576K), 5 survivors (5120K)
 Metaspace       used 138198K, capacity 142011K, committed 144168K, reserved 1175552K
  class space    used 16654K, capacity 17934K, committed 18764K, reserved 1048576K
}
Event: 415.457 GC heap after
{Heap after GC invocations=52 (full 0):
 garbage-first heap   total 258048K, used 204255K [0x0000000080000000, 0x0000000100000000)
  region size 1024K, 3 young (3072K), 3 survivors (3072K)
 Metaspace       used 138198K, capacity 142011K, committed 144168K, reserved 1175552K
  class space    used 16654K, capacity 17934K, committed 18764K, reserved 1048576K
}
Event: 415.484 GC heap before
{Heap before GC invocations=52 (full 0):
 garbage-first heap   total 258048K, used 216543K [0x0000000080000000, 0x0000000100000000)
  region size 1024K, 15 young (15360K), 3 survivors (3072K)
 Metaspace       used 138199K, capacity 142011K, committed 144168K, reserved 1175552K
  class space    used 16654K, capacity 17934K, committed 18764K, reserved 1048576K
}
Event: 415.490 GC heap after
{Heap after GC invocations=53 (full 0):
 garbage-first heap   total 310272K, used 212171K [0x0000000080000000, 0x0000000100000000)
  region size 1024K, 2 young (2048K), 2 survivors (2048K)
 Metaspace       used 138199K, capacity 142011K, committed 144168K, reserved 1175552K
  class space    used 16654K, capacity 17934K, committed 18764K, reserved 1048576K
}
Event: 415.594 GC heap before
{Heap before GC invocations=53 (full 0):
 garbage-first heap   total 310272K, used 238795K [0x0000000080000000, 0x0000000100000000)
  region size 1024K, 28 young (28672K), 2 survivors (2048K)
 Metaspace       used 138366K, capacity 142257K, committed 144168K, reserved 1175552K
  class space    used 16679K, capacity 17972K, committed 18764K, reserved 1048576K
}
Event: 415.602 GC heap after
{Heap after GC invocations=54 (full 0):
 garbage-first heap   total 310272K, used 223922K [0x0000000080000000, 0x0000000100000000)
  region size 1024K, 4 young (4096K), 4 survivors (4096K)
 Metaspace       used 138366K, capacity 142257K, committed 144168K, reserved 1175552K
  class space    used 16679K, capacity 17972K, committed 18764K, reserved 1048576K
}
Event: 415.678 GC heap before
{Heap before GC invocations=54 (full 0):
 garbage-first heap   total 310272K, used 246450K [0x0000000080000000, 0x0000000100000000)
  region size 1024K, 27 young (27648K), 4 survivors (4096K)
 Metaspace       used 138386K, capacity 142203K, committed 144168K, reserved 1175552K
  class space    used 16674K, capacity 17951K, committed 18764K, reserved 1048576K
}
Event: 415.686 GC heap after
{Heap after GC invocations=55 (full 0):
 garbage-first heap   total 310272K, used 227670K [0x0000000080000000, 0x0000000100000000)
  region size 1024K, 3 young (3072K), 3 survivors (3072K)
 Metaspace       used 138386K, capacity 142203K, committed 144168K, reserved 1175552K
  class space    used 16674K, capacity 17951K, committed 18764K, reserved 1048576K
}
Event: 415.732 GC heap before
{Heap before GC invocations=55 (full 0):
 garbage-first heap   total 310272K, used 250198K [0x0000000080000000, 0x0000000100000000)
  region size 1024K, 26 young (26624K), 3 survivors (3072K)
 Metaspace       used 138406K, capacity 142267K, committed 144424K, reserved 1175552K
  class space    used 16674K, capacity 17951K, committed 18764K, reserved 1048576K
}
Event: 415.738 GC heap after
{Heap after GC invocations=56 (full 0):
 garbage-first heap   total 310272K, used 228507K [0x0000000080000000, 0x0000000100000000)
  region size 1024K, 1 young (1024K), 1 survivors (1024K)
 Metaspace       used 138406K, capacity 142267K, committed 144424K, reserved 1175552K
  class space    used 16674K, capacity 17951K, committed 18764K, reserved 1048576K
}
Event: 415.892 GC heap before
{Heap before GC invocations=57 (full 0):
 garbage-first heap   total 310272K, used 255131K [0x0000000080000000, 0x0000000100000000)
  region size 1024K, 26 young (26624K), 1 survivors (1024K)
 Metaspace       used 138442K, capacity 142272K, committed 144424K, reserved 1175552K
  class space    used 16676K, capacity 17953K, committed 18764K, reserved 1048576K
}
Event: 415.900 GC heap after
{Heap after GC invocations=58 (full 0):
 garbage-first heap   total 393216K, used 234172K [0x0000000080000000, 0x0000000100000000)
  region size 1024K, 4 young (4096K), 4 survivors (4096K)
 Metaspace       used 138442K, capacity 142272K, committed 144424K, reserved 1175552K
  class space    used 16676K, capacity 17953K, committed 18764K, reserved 1048576K
}
Event: 415.986 GC heap before
{Heap before GC invocations=58 (full 0):
 garbage-first heap   total 393216K, used 254652K [0x0000000080000000, 0x0000000100000000)
  region size 1024K, 19 young (19456K), 4 survivors (4096K)
 Metaspace       used 138522K, capacity 142359K, committed 144424K, reserved 1175552K
  class space    used 16687K, capacity 17961K, committed 18764K, reserved 1048576K
}
Event: 415.993 GC heap after
{Heap after GC invocations=59 (full 0):
 garbage-first heap   total 393216K, used 240947K [0x0000000080000000, 0x0000000100000000)
  region size 1024K, 3 young (3072K), 3 survivors (3072K)
 Metaspace       used 138522K, capacity 142359K, committed 144424K, reserved 1175552K
  class space    used 16687K, capacity 17961K, committed 18764K, reserved 1048576K
}
Event: 416.351 GC heap before
{Heap before GC invocations=59 (full 0):
 garbage-first heap   total 393216K, used 307507K [0x0000000080000000, 0x0000000100000000)
  region size 1024K, 54 young (55296K), 3 survivors (3072K)
 Metaspace       used 138562K, capacity 142361K, committed 144424K, reserved 1175552K
  class space    used 16687K, capacity 17961K, committed 18764K, reserved 1048576K
}
Event: 416.357 GC heap after
{Heap after GC invocations=60 (full 0):
 garbage-first heap   total 393216K, used 263388K [0x0000000080000000, 0x0000000100000000)
  region size 1024K, 7 young (7168K), 7 survivors (7168K)
 Metaspace       used 138562K, capacity 142361K, committed 144424K, reserved 1175552K
  class space    used 16687K, capacity 17961K, committed 18764K, reserved 1048576K
}
Event: 416.473 GC heap before
{Heap before GC invocations=60 (full 0):
 garbage-first heap   total 393216K, used 319708K [0x0000000080000000, 0x0000000100000000)
  region size 1024K, 52 young (53248K), 7 survivors (7168K)
 Metaspace       used 138624K, capacity 142453K, committed 144424K, reserved 1175552K
  class space    used 16687K, capacity 17961K, committed 18764K, reserved 1048576K
}
Event: 416.478 GC heap after
{Heap after GC invocations=61 (full 0):
 garbage-first heap   total 393216K, used 278983K [0x0000000080000000, 0x0000000100000000)
  region size 1024K, 6 young (6144K), 6 survivors (6144K)
 Metaspace       used 138624K, capacity 142453K, committed 144424K, reserved 1175552K
  class space    used 16687K, capacity 17961K, committed 18764K, reserved 1048576K
}
Event: 416.678 GC heap before
{Heap before GC invocations=61 (full 0):
 garbage-first heap   total 393216K, used 302535K [0x0000000080000000, 0x0000000100000000)
  region size 1024K, 30 young (30720K), 6 survivors (6144K)
 Metaspace       used 138679K, capacity 142517K, committed 144424K, reserved 1175552K
  class space    used 16687K, capacity 17961K, committed 18764K, reserved 1048576K
}

